Determining if the pthread_create exist failed with the following output:
Change Dir: /home/snukne/homework3/Cluster/build/CMakeFiles/CMakeTmp

Run Build Command:"/usr/bin/make" "cmTC_fb9a9/fast"
/usr/bin/make -f CMakeFiles/cmTC_fb9a9.dir/build.make CMakeFiles/cmTC_fb9a9.dir/build
make[1]: ingresso nella directory "/home/snukne/homework3/Cluster/build/CMakeFiles/CMakeTmp"
Building C object CMakeFiles/cmTC_fb9a9.dir/CheckSymbolExists.c.o
/usr/bin/cc     -o CMakeFiles/cmTC_fb9a9.dir/CheckSymbolExists.c.o   -c /home/snukne/homework3/Cluster/build/CMakeFiles/CMakeTmp/CheckSymbolExists.c
Linking C executable cmTC_fb9a9
/usr/bin/cmake -E cmake_link_script CMakeFiles/cmTC_fb9a9.dir/link.txt --verbose=1
/usr/bin/cc       CMakeFiles/cmTC_fb9a9.dir/CheckSymbolExists.c.o  -o cmTC_fb9a9 -rdynamic 
CMakeFiles/cmTC_fb9a9.dir/CheckSymbolExists.c.o: nella funzione "main":
CheckSymbolExists.c:(.text+0x16): riferimento non definito a "pthread_create"
collect2: error: ld returned 1 exit status
CMakeFiles/cmTC_fb9a9.dir/build.make:97: set di istruzioni per l'obiettivo "cmTC_fb9a9" non riuscito
make[1]: *** [cmTC_fb9a9] Errore 1
make[1]: uscita dalla directory "/home/snukne/homework3/Cluster/build/CMakeFiles/CMakeTmp"
Makefile:126: set di istruzioni per l'obiettivo "cmTC_fb9a9/fast" non riuscito
make: *** [cmTC_fb9a9/fast] Errore 2

File /home/snukne/homework3/Cluster/build/CMakeFiles/CMakeTmp/CheckSymbolExists.c:
/* */
#include <pthread.h>

int main(int argc, char** argv)
{
  (void)argv;
#ifndef pthread_create
  return ((int*)(&pthread_create))[argc];
#else
  (void)argc;
  return 0;
#endif
}

Determining if the function pthread_create exists in the pthreads failed with the following output:
Change Dir: /home/snukne/homework3/Cluster/build/CMakeFiles/CMakeTmp

Run Build Command:"/usr/bin/make" "cmTC_1f3dc/fast"
/usr/bin/make -f CMakeFiles/cmTC_1f3dc.dir/build.make CMakeFiles/cmTC_1f3dc.dir/build
make[1]: ingresso nella directory "/home/snukne/homework3/Cluster/build/CMakeFiles/CMakeTmp"
Building C object CMakeFiles/cmTC_1f3dc.dir/CheckFunctionExists.c.o
/usr/bin/cc    -DCHECK_FUNCTION_EXISTS=pthread_create   -o CMakeFiles/cmTC_1f3dc.dir/CheckFunctionExists.c.o   -c /usr/share/cmake-3.5/Modules/CheckFunctionExists.c
Linking C executable cmTC_1f3dc
/usr/bin/cmake -E cmake_link_script CMakeFiles/cmTC_1f3dc.dir/link.txt --verbose=1
/usr/bin/cc   -DCHECK_FUNCTION_EXISTS=pthread_create    CMakeFiles/cmTC_1f3dc.dir/CheckFunctionExists.c.o  -o cmTC_1f3dc -rdynamic -lpthreads 
/usr/bin/ld: impossibile trovare -lpthreads
collect2: error: ld returned 1 exit status
CMakeFiles/cmTC_1f3dc.dir/build.make:97: set di istruzioni per l'obiettivo "cmTC_1f3dc" non riuscito
make[1]: *** [cmTC_1f3dc] Errore 1
make[1]: uscita dalla directory "/home/snukne/homework3/Cluster/build/CMakeFiles/CMakeTmp"
Makefile:126: set di istruzioni per l'obiettivo "cmTC_1f3dc/fast" non riuscito
make: *** [cmTC_1f3dc/fast] Errore 2


